<?xml version="1.0" encoding="UTF-8"?>
<testsuite xmlns:xsi="http://www.w3.org/2001/XMLSchema-instance" xsi:schemaLocation="https://maven.apache.org/surefire/maven-surefire-plugin/xsd/surefire-test-report.xsd" name="TestSuite" time="1.403" tests="3" errors="0" skipped="2" failures="1">
  <properties>
    <property name="java.runtime.name" value="Java(TM) SE Runtime Environment"/>
    <property name="sun.boot.library.path" value="C:\Program Files\Java\jdk1.8.0_201\jre\bin"/>
    <property name="java.vm.version" value="25.201-b09"/>
    <property name="java.vm.vendor" value="Oracle Corporation"/>
    <property name="maven.multiModuleProjectDirectory" value="C:\Users\Tanvir Singh\eclipse-workspace\Test_Framework"/>
    <property name="java.vendor.url" value="http://java.oracle.com/"/>
    <property name="path.separator" value=";"/>
    <property name="guice.disable.misplaced.annotation.check" value="true"/>
    <property name="java.vm.name" value="Java HotSpot(TM) 64-Bit Server VM"/>
    <property name="file.encoding.pkg" value="sun.io"/>
    <property name="user.script" value=""/>
    <property name="user.country" value="US"/>
    <property name="sun.java.launcher" value="SUN_STANDARD"/>
    <property name="sun.os.patch.level" value=""/>
    <property name="java.vm.specification.name" value="Java Virtual Machine Specification"/>
    <property name="user.dir" value="C:\Users\Tanvir Singh\eclipse-workspace\Test_Framework"/>
    <property name="java.runtime.version" value="1.8.0_201-b09"/>
    <property name="java.awt.graphicsenv" value="sun.awt.Win32GraphicsEnvironment"/>
    <property name="java.endorsed.dirs" value="C:\Program Files\Java\jdk1.8.0_201\jre\lib\endorsed"/>
    <property name="os.arch" value="amd64"/>
    <property name="java.io.tmpdir" value="C:\Users\TANVIR~1\AppData\Local\Temp\"/>
    <property name="line.separator" value="&#10;"/>
    <property name="java.vm.specification.vendor" value="Oracle Corporation"/>
    <property name="user.variant" value=""/>
    <property name="os.name" value="Windows 10"/>
    <property name="classworlds.conf" value="C:\Users\Tanvir Singh\eclipse-workspace\.metadata\.plugins\org.eclipse.m2e.launching\launches\m2conf3867605705348619533.tmp"/>
    <property name="sun.jnu.encoding" value="Cp1252"/>
    <property name="java.library.path" value="C:\Program Files\Java\jdk1.8.0_201\bin;C:\Windows\Sun\Java\bin;C:\Windows\system32;C:\Windows;C:/Program Files/Java/jre1.8.0_201/bin/server;C:/Program Files/Java/jre1.8.0_201/bin;C:/Program Files/Java/jre1.8.0_201/lib/amd64;C:\Program Files (x86)\Common Files\Oracle\Java\javapath;C:\Program Files (x86)\Intel\iCLS Client\;C:\Program Files\Intel\iCLS Client\;C:\Windows\system32;C:\Windows;C:\Windows\System32\Wbem;C:\Windows\System32\WindowsPowerShell\v1.0\;C:\Windows\System32\OpenSSH\;C:\Program Files\Java\jdk1.8.0_201;C:\Program Files\TortoiseSVN\bin;C:\Users\Tanvir Singh\Desktop\Drivers\apache-maven-3.6.0-bin\apache-maven-3.6.0\bin;C:\Users\Tanvir Singh\Desktop\Drivers\apache-maven-3.6.0-bin\apache-maven-3.6.0\\bin;C:\Users\Tanvir Singh\Desktop\Drivers\apache-maven-3.6.0-bin\apache-maven-3.6.0\;C:\Program Files\Java\jdk1.8.0_201\lib;C:\Program Files\Git\bin\;C:\Program Files\Java\jdk1.8.0_201\bin;C:\Program Files\nodejs\;C:\Program Files\nodejs\node_modules\npm\bin;C:\Program Files\Java\jdk1.8.0_201\lib;C:\Program Files\Android\Android Studio\bin;C:\Users\Tanvir Singh\AppData\Local\Android\Sdk\platform-tools;C:\Users\Tanvir Singh\AppData\Local\Android\Sdk\tools;C:\Users\Tanvir Singh\AppData\Local\Android\Sdk\build-tools;C:\Users\Tanvir Singh\AppData\Local\Android\Sdk\tools\bin;C:\Program Files (x86)\Python37-32;C:\Program Files (x86)\Python37-32\Scripts;C:\Users\Tanvir Singh\AppData\Local\Microsoft\WindowsApps;C:\Users\Tanvir Singh\AppData\Roaming\npm;C:\Program Files\JetBrains\PyCharm Community Edition 2019.2\bin;;C:\Users\Tanvir Singh\Desktop\Drivers\Eclipse\eclipse-committers-2018-09-win32-x86_64\eclipse;;."/>
    <property name="java.specification.name" value="Java Platform API Specification"/>
    <property name="java.class.version" value="52.0"/>
    <property name="sun.management.compiler" value="HotSpot 64-Bit Tiered Compilers"/>
    <property name="os.version" value="10.0"/>
    <property name="user.home" value="C:\Users\Tanvir Singh"/>
    <property name="user.timezone" value="America/New_York"/>
    <property name="java.awt.printerjob" value="sun.awt.windows.WPrinterJob"/>
    <property name="java.specification.version" value="1.8"/>
    <property name="file.encoding" value="Cp1252"/>
    <property name="user.name" value="Tanvir Singh"/>
    <property name="java.class.path" value="C:\Users\Tanvir Singh\Desktop\Drivers\Eclipse\eclipse-committers-2018-09-win32-x86_64\eclipse\plugins\org.eclipse.m2e.maven.runtime_1.9.1.20180912-1600\jars\plexus-classworlds-2.5.2.jar"/>
    <property name="java.vm.specification.version" value="1.8"/>
    <property name="sun.arch.data.model" value="64"/>
    <property name="java.home" value="C:\Program Files\Java\jdk1.8.0_201\jre"/>
    <property name="sun.java.command" value="org.codehaus.plexus.classworlds.launcher.Launcher -B test"/>
    <property name="java.specification.vendor" value="Oracle Corporation"/>
    <property name="user.language" value="en"/>
    <property name="awt.toolkit" value="sun.awt.windows.WToolkit"/>
    <property name="java.vm.info" value="mixed mode"/>
    <property name="java.version" value="1.8.0_201"/>
    <property name="java.ext.dirs" value="C:\Program Files\Java\jdk1.8.0_201\jre\lib\ext;C:\Windows\Sun\Java\lib\ext"/>
    <property name="sun.boot.class.path" value="C:\Program Files\Java\jdk1.8.0_201\jre\lib\resources.jar;C:\Program Files\Java\jdk1.8.0_201\jre\lib\rt.jar;C:\Program Files\Java\jdk1.8.0_201\jre\lib\sunrsasign.jar;C:\Program Files\Java\jdk1.8.0_201\jre\lib\jsse.jar;C:\Program Files\Java\jdk1.8.0_201\jre\lib\jce.jar;C:\Program Files\Java\jdk1.8.0_201\jre\lib\charsets.jar;C:\Program Files\Java\jdk1.8.0_201\jre\lib\jfr.jar;C:\Program Files\Java\jdk1.8.0_201\jre\classes"/>
    <property name="java.vendor" value="Oracle Corporation"/>
    <property name="maven.home" value="C:\Users\Tanvir Singh\eclipse-workspace\Test_Framework\EMBEDDED"/>
    <property name="file.separator" value="\"/>
    <property name="java.vendor.url.bug" value="http://bugreport.sun.com/bugreport/"/>
    <property name="sun.cpu.endian" value="little"/>
    <property name="sun.io.unicode.encoding" value="UnicodeLittle"/>
    <property name="sun.desktop" value="windows"/>
    <property name="sun.cpu.isalist" value="amd64"/>
  </properties>
  <testcase name="setup" classname="com.testCases.TC_LoginTest_001" time="0.769">
    <failure message="The driver executable does not exist: C:\Users\Tanvir Singh\eclipse-workspace\Test_Framework\.\Drivers\chromedriver.exe" type="java.lang.IllegalStateException">java.lang.IllegalStateException: The driver executable does not exist: C:\Users\Tanvir Singh\eclipse-workspace\Test_Framework\.\Drivers\chromedriver.exe
</failure>
    <system-out><![CDATA[DEBUG [main] (BaseClass.java:50)- Debug logging has started 
]]></system-out>
  </testcase>
  <testcase name="loginTest" classname="com.testCases.TC_LoginTest_001" time="0">
    <skipped message="The driver executable does not exist: C:\Users\Tanvir Singh\eclipse-workspace\Test_Framework\.\Drivers\chromedriver.exe"/>
  </testcase>
  <testcase name="tearDown" classname="com.testCases.TC_LoginTest_001" time="0">
    <skipped/>
  </testcase>
</testsuite>