<?xml version="1.0" encoding="UTF-8"?>
<!-- Generated by org.testng.reporters.JUnitReportReporter -->
<testsuite skipped="0" hostname="DESKTOP-P12432T" name="com.testCases.TC_verifyTab_007" tests="1" failures="0" timestamp="19 Aug 2019 00:01:40 GMT" time="9.704" errors="0">
  <testcase name="verfyWindowtab" time="9.704" classname="com.testCases.TC_verifyTab_007"/>
</testsuite> <!-- com.testCases.TC_verifyTab_007 -->
