<?xml version="1.0" encoding="UTF-8"?>
<!-- Generated by org.testng.reporters.JUnitReportReporter -->
<testsuite skipped="0" hostname="DESKTOP-P12432T" name="com.testCases.Test_T" tests="1" failures="0" timestamp="18 Aug 2019 21:07:20 GMT" time="5.577" errors="0">
  <testcase name="test" time="5.577" classname="com.testCases.Test_T"/>
</testsuite> <!-- com.testCases.Test_T -->
