<?xml version="1.0" encoding="UTF-8"?>
<!-- Generated by org.testng.reporters.JUnitReportReporter -->
<testsuite skipped="0" hostname="DESKTOP-P12432T" name="com.testCases.TC_WindowHandle_006" tests="1" failures="0" timestamp="18 Aug 2019 20:52:08 GMT" time="3.782" errors="0">
  <testcase name="verifyNavigatePage" time="3.782" classname="com.testCases.TC_WindowHandle_006"/>
</testsuite> <!-- com.testCases.TC_WindowHandle_006 -->
