<?xml version="1.0" encoding="UTF-8"?>
<!-- Generated by org.testng.reporters.JUnitReportReporter -->
<testsuite skipped="0" hostname="DESKTOP-P12432T" name="com.testCases.TC_ColourChange_005" tests="1" failures="0" timestamp="19 Aug 2019 00:01:40 GMT" time="8.523" errors="0">
  <testcase name="chgColor" time="8.523" classname="com.testCases.TC_ColourChange_005"/>
</testsuite> <!-- com.testCases.TC_ColourChange_005 -->
