<?xml version="1.0" encoding="UTF-8"?>
<!-- Generated by org.testng.reporters.JUnitReportReporter -->
<testsuite skipped="0" hostname="DESKTOP-P12432T" name="com.testCases.ColourChange" tests="1" failures="0" timestamp="18 Aug 2019 16:16:37 GMT" time="34.686" errors="0">
  <testcase name="chgColor" time="34.686" classname="com.testCases.ColourChange"/>
</testsuite> <!-- com.testCases.ColourChange -->
