<?xml version="1.0" encoding="UTF-8"?>
<!-- Generated by org.testng.reporters.JUnitReportReporter -->
<testsuite skipped="0" hostname="DESKTOP-P12432T" name="com.testCases.Test1" tests="1" failures="0" timestamp="18 Aug 2019 21:31:01 GMT" time="1.868" errors="0">
  <testcase name="t1" time="1.868" classname="com.testCases.Test1"/>
</testsuite> <!-- com.testCases.Test1 -->
