<?xml version="1.0" encoding="UTF-8"?>
<!-- Generated by org.testng.reporters.JUnitReportReporter -->
<testsuite skipped="0" hostname="DESKTOP-P12432T" name="com.testCases.TC_FrgPwd_004" tests="2" failures="0" timestamp="19 Aug 2019 01:41:42 GMT" time="11.932" errors="0">
  <testcase name="FrgPwd" time="5.337" classname="com.testCases.TC_FrgPwd_004"/>
  <testcase name="verifyRtBtn" time="6.595" classname="com.testCases.TC_FrgPwd_004"/>
</testsuite> <!-- com.testCases.TC_FrgPwd_004 -->
